<?xml version="1.0" encoding="UTF-8"?>
<coverage generated="1663790956210" clover="3.2.0">
  <project timestamp="1663790956210" name="All files">
    <metrics statements="31" coveredstatements="31" conditionals="31" coveredconditionals="31" methods="11" coveredmethods="11" elements="73" coveredelements="73" complexity="0" loc="31" ncloc="31" packages="1" files="1" classes="1"/>
    <file name="gildedRose.js" path="/Users/zacmoss/Documents/Makers/GildedRose-Refactoring-Kata/js-jest/src/gildedRose.js">
      <metrics statements="31" coveredstatements="31" conditionals="31" coveredconditionals="31" methods="11" coveredmethods="11"/>
      <line num="3" count="29" type="stmt"/>
      <line num="4" count="29" type="stmt"/>
      <line num="5" count="29" type="stmt"/>
      <line num="11" count="21" type="stmt"/>
      <line num="15" count="15" type="stmt"/>
      <line num="16" count="16" type="stmt"/>
      <line num="17" count="16" type="cond" truecount="4" falsecount="0"/>
      <line num="18" count="16" type="cond" truecount="2" falsecount="0"/>
      <line num="19" count="16" type="cond" truecount="2" falsecount="0"/>
      <line num="21" count="15" type="stmt"/>
      <line num="25" count="3" type="cond" truecount="2" falsecount="0"/>
      <line num="26" count="3" type="cond" truecount="2" falsecount="0"/>
      <line num="27" count="3" type="stmt"/>
      <line num="31" count="21" type="stmt"/>
      <line num="36" count="57" type="stmt"/>
      <line num="40" count="23" type="cond" truecount="2" falsecount="0"/>
      <line num="41" count="6" type="cond" truecount="2" falsecount="0"/>
      <line num="42" count="6" type="stmt"/>
      <line num="47" count="18" type="cond" truecount="2" falsecount="0"/>
      <line num="48" count="6" type="stmt"/>
      <line num="49" count="6" type="cond" truecount="2" falsecount="0"/>
      <line num="50" count="6" type="cond" truecount="2" falsecount="0"/>
      <line num="51" count="6" type="cond" truecount="2" falsecount="0"/>
      <line num="52" count="6" type="stmt"/>
      <line num="57" count="13" type="cond" truecount="2" falsecount="0"/>
      <line num="58" count="3" type="stmt"/>
      <line num="59" count="3" type="stmt"/>
      <line num="64" count="11" type="cond" truecount="2" falsecount="0"/>
      <line num="65" count="5" type="cond" truecount="2" falsecount="0"/>
      <line num="66" count="5" type="stmt"/>
      <line num="71" count="1" type="stmt"/>
    </file>
  </project>
</coverage>
