{"/Users/zacmoss/Documents/Makers/GildedRose-Refactoring-Kata/js-jest/src/gildedRose.js": {"path":"/Users/zacmoss/Documents/Makers/GildedRose-Refactoring-Kata/js-jest/src/gildedRose.js","statementMap":{"0":{"start":{"line":3,"column":4},"end":{"line":3,"column":21}},"1":{"start":{"line":4,"column":4},"end":{"line":4,"column":25}},"2":{"start":{"line":5,"column":4},"end":{"line":5,"column":27}},"3":{"start":{"line":11,"column":4},"end":{"line":11,"column":23}},"4":{"start":{"line":15,"column":4},"end":{"line":20,"column":7}},"5":{"start":{"line":16,"column":6},"end":{"line":16,"column":20}},"6":{"start":{"line":17,"column":6},"end":{"line":17,"column":78}},"7":{"start":{"line":17,"column":37},"end":{"line":17,"column":78}},"8":{"start":{"line":18,"column":6},"end":{"line":18,"column":45}},"9":{"start":{"line":18,"column":28},"end":{"line":18,"column":45}},"10":{"start":{"line":19,"column":6},"end":{"line":19,"column":47}},"11":{"start":{"line":19,"column":29},"end":{"line":19,"column":47}},"12":{"start":{"line":21,"column":4},"end":{"line":21,"column":22}},"13":{"start":{"line":25,"column":4},"end":{"line":25,"column":33}},"14":{"start":{"line":25,"column":21},"end":{"line":25,"column":33}},"15":{"start":{"line":26,"column":4},"end":{"line":26,"column":35}},"16":{"start":{"line":26,"column":22},"end":{"line":26,"column":35}},"17":{"start":{"line":27,"column":4},"end":{"line":27,"column":19}},"18":{"start":{"line":31,"column":4},"end":{"line":36,"column":37}},"19":{"start":{"line":36,"column":23},"end":{"line":36,"column":35}},"20":{"start":{"line":40,"column":4},"end":{"line":43,"column":5}},"21":{"start":{"line":41,"column":6},"end":{"line":41,"column":47}},"22":{"start":{"line":42,"column":6},"end":{"line":42,"column":18}},"23":{"start":{"line":47,"column":4},"end":{"line":53,"column":5}},"24":{"start":{"line":48,"column":6},"end":{"line":48,"column":21}},"25":{"start":{"line":49,"column":6},"end":{"line":49,"column":43}},"26":{"start":{"line":49,"column":28},"end":{"line":49,"column":43}},"27":{"start":{"line":50,"column":6},"end":{"line":50,"column":42}},"28":{"start":{"line":50,"column":27},"end":{"line":50,"column":42}},"29":{"start":{"line":51,"column":6},"end":{"line":51,"column":44}},"30":{"start":{"line":51,"column":27},"end":{"line":51,"column":44}},"31":{"start":{"line":52,"column":6},"end":{"line":52,"column":18}},"32":{"start":{"line":57,"column":4},"end":{"line":60,"column":5}},"33":{"start":{"line":58,"column":6},"end":{"line":58,"column":20}},"34":{"start":{"line":59,"column":6},"end":{"line":59,"column":18}},"35":{"start":{"line":64,"column":4},"end":{"line":67,"column":5}},"36":{"start":{"line":65,"column":6},"end":{"line":65,"column":47}},"37":{"start":{"line":66,"column":6},"end":{"line":66,"column":18}},"38":{"start":{"line":71,"column":0},"end":{"line":74,"column":2}}},"fnMap":{"0":{"name":"(anonymous_0)","decl":{"start":{"line":2,"column":2},"end":{"line":2,"column":3}},"loc":{"start":{"line":2,"column":37},"end":{"line":6,"column":3}},"line":2},"1":{"name":"(anonymous_1)","decl":{"start":{"line":10,"column":2},"end":{"line":10,"column":3}},"loc":{"start":{"line":10,"column":26},"end":{"line":12,"column":3}},"line":10},"2":{"name":"(anonymous_2)","decl":{"start":{"line":14,"column":2},"end":{"line":14,"column":3}},"loc":{"start":{"line":14,"column":18},"end":{"line":22,"column":3}},"line":14},"3":{"name":"(anonymous_3)","decl":{"start":{"line":15,"column":23},"end":{"line":15,"column":24}},"loc":{"start":{"line":15,"column":33},"end":{"line":20,"column":5}},"line":15},"4":{"name":"(anonymous_4)","decl":{"start":{"line":24,"column":2},"end":{"line":24,"column":3}},"loc":{"start":{"line":24,"column":34},"end":{"line":28,"column":3}},"line":24},"5":{"name":"(anonymous_5)","decl":{"start":{"line":30,"column":2},"end":{"line":30,"column":3}},"loc":{"start":{"line":30,"column":22},"end":{"line":37,"column":3}},"line":30},"6":{"name":"(anonymous_6)","decl":{"start":{"line":36,"column":11},"end":{"line":36,"column":12}},"loc":{"start":{"line":36,"column":23},"end":{"line":36,"column":35}},"line":36},"7":{"name":"(anonymous_7)","decl":{"start":{"line":39,"column":2},"end":{"line":39,"column":3}},"loc":{"start":{"line":39,"column":19},"end":{"line":44,"column":3}},"line":39},"8":{"name":"(anonymous_8)","decl":{"start":{"line":46,"column":2},"end":{"line":46,"column":3}},"loc":{"start":{"line":46,"column":24},"end":{"line":54,"column":3}},"line":46},"9":{"name":"(anonymous_9)","decl":{"start":{"line":56,"column":2},"end":{"line":56,"column":3}},"loc":{"start":{"line":56,"column":19},"end":{"line":61,"column":3}},"line":56},"10":{"name":"(anonymous_10)","decl":{"start":{"line":63,"column":2},"end":{"line":63,"column":3}},"loc":{"start":{"line":63,"column":19},"end":{"line":68,"column":3}},"line":63}},"branchMap":{"0":{"loc":{"start":{"line":10,"column":14},"end":{"line":10,"column":24}},"type":"default-arg","locations":[{"start":{"line":10,"column":22},"end":{"line":10,"column":24}}],"line":10},"1":{"loc":{"start":{"line":17,"column":6},"end":{"line":17,"column":78}},"type":"if","locations":[{"start":{"line":17,"column":6},"end":{"line":17,"column":78}},{"start":{"line":17,"column":6},"end":{"line":17,"column":78}}],"line":17},"2":{"loc":{"start":{"line":17,"column":53},"end":{"line":17,"column":77}},"type":"cond-expr","locations":[{"start":{"line":17,"column":72},"end":{"line":17,"column":73}},{"start":{"line":17,"column":76},"end":{"line":17,"column":77}}],"line":17},"3":{"loc":{"start":{"line":18,"column":6},"end":{"line":18,"column":45}},"type":"if","locations":[{"start":{"line":18,"column":6},"end":{"line":18,"column":45}},{"start":{"line":18,"column":6},"end":{"line":18,"column":45}}],"line":18},"4":{"loc":{"start":{"line":19,"column":6},"end":{"line":19,"column":47}},"type":"if","locations":[{"start":{"line":19,"column":6},"end":{"line":19,"column":47}},{"start":{"line":19,"column":6},"end":{"line":19,"column":47}}],"line":19},"5":{"loc":{"start":{"line":25,"column":4},"end":{"line":25,"column":33}},"type":"if","locations":[{"start":{"line":25,"column":4},"end":{"line":25,"column":33}},{"start":{"line":25,"column":4},"end":{"line":25,"column":33}}],"line":25},"6":{"loc":{"start":{"line":26,"column":4},"end":{"line":26,"column":35}},"type":"if","locations":[{"start":{"line":26,"column":4},"end":{"line":26,"column":35}},{"start":{"line":26,"column":4},"end":{"line":26,"column":35}}],"line":26},"7":{"loc":{"start":{"line":40,"column":4},"end":{"line":43,"column":5}},"type":"if","locations":[{"start":{"line":40,"column":4},"end":{"line":43,"column":5}},{"start":{"line":40,"column":4},"end":{"line":43,"column":5}}],"line":40},"8":{"loc":{"start":{"line":41,"column":22},"end":{"line":41,"column":46}},"type":"cond-expr","locations":[{"start":{"line":41,"column":41},"end":{"line":41,"column":42}},{"start":{"line":41,"column":45},"end":{"line":41,"column":46}}],"line":41},"9":{"loc":{"start":{"line":47,"column":4},"end":{"line":53,"column":5}},"type":"if","locations":[{"start":{"line":47,"column":4},"end":{"line":53,"column":5}},{"start":{"line":47,"column":4},"end":{"line":53,"column":5}}],"line":47},"10":{"loc":{"start":{"line":49,"column":6},"end":{"line":49,"column":43}},"type":"if","locations":[{"start":{"line":49,"column":6},"end":{"line":49,"column":43}},{"start":{"line":49,"column":6},"end":{"line":49,"column":43}}],"line":49},"11":{"loc":{"start":{"line":50,"column":6},"end":{"line":50,"column":42}},"type":"if","locations":[{"start":{"line":50,"column":6},"end":{"line":50,"column":42}},{"start":{"line":50,"column":6},"end":{"line":50,"column":42}}],"line":50},"12":{"loc":{"start":{"line":51,"column":6},"end":{"line":51,"column":44}},"type":"if","locations":[{"start":{"line":51,"column":6},"end":{"line":51,"column":44}},{"start":{"line":51,"column":6},"end":{"line":51,"column":44}}],"line":51},"13":{"loc":{"start":{"line":57,"column":4},"end":{"line":60,"column":5}},"type":"if","locations":[{"start":{"line":57,"column":4},"end":{"line":60,"column":5}},{"start":{"line":57,"column":4},"end":{"line":60,"column":5}}],"line":57},"14":{"loc":{"start":{"line":64,"column":4},"end":{"line":67,"column":5}},"type":"if","locations":[{"start":{"line":64,"column":4},"end":{"line":67,"column":5}},{"start":{"line":64,"column":4},"end":{"line":67,"column":5}}],"line":64},"15":{"loc":{"start":{"line":65,"column":22},"end":{"line":65,"column":46}},"type":"cond-expr","locations":[{"start":{"line":65,"column":41},"end":{"line":65,"column":42}},{"start":{"line":65,"column":45},"end":{"line":65,"column":46}}],"line":65}},"s":{"0":29,"1":29,"2":29,"3":21,"4":15,"5":16,"6":16,"7":4,"8":16,"9":1,"10":16,"11":1,"12":15,"13":3,"14":1,"15":3,"16":1,"17":3,"18":21,"19":57,"20":23,"21":6,"22":6,"23":18,"24":6,"25":6,"26":5,"27":6,"28":4,"29":6,"30":1,"31":6,"32":13,"33":3,"34":3,"35":11,"36":5,"37":5,"38":1},"f":{"0":29,"1":21,"2":15,"3":16,"4":3,"5":21,"6":57,"7":23,"8":18,"9":13,"10":11},"b":{"0":[7],"1":[4,12],"2":[2,2],"3":[1,15],"4":[1,15],"5":[1,2],"6":[1,2],"7":[6,17],"8":[5,1],"9":[6,12],"10":[5,1],"11":[4,2],"12":[1,5],"13":[3,10],"14":[5,6],"15":[4,1]},"_coverageSchema":"43e27e138ebf9cfc5966b082cf9a028302ed4184","hash":"81564bc3aaa305beb949cb5397607521e235e749"}
}
