TN:
SF:/Users/zacmoss/Documents/Makers/GildedRose-Refactoring-Kata/js-jest/src/gildedRose.js
FN:2,(anonymous_0)
FN:10,(anonymous_1)
FN:14,(anonymous_2)
FN:15,(anonymous_3)
FN:24,(anonymous_4)
FN:30,(anonymous_5)
FN:36,(anonymous_6)
FN:39,(anonymous_7)
FN:46,(anonymous_8)
FN:56,(anonymous_9)
FN:63,(anonymous_10)
FNF:11
FNH:11
FNDA:29,(anonymous_0)
FNDA:21,(anonymous_1)
FNDA:15,(anonymous_2)
FNDA:16,(anonymous_3)
FNDA:3,(anonymous_4)
FNDA:21,(anonymous_5)
FNDA:57,(anonymous_6)
FNDA:23,(anonymous_7)
FNDA:18,(anonymous_8)
FNDA:13,(anonymous_9)
FNDA:11,(anonymous_10)
DA:3,29
DA:4,29
DA:5,29
DA:11,21
DA:15,15
DA:16,16
DA:17,16
DA:18,16
DA:19,16
DA:21,15
DA:25,3
DA:26,3
DA:27,3
DA:31,21
DA:36,57
DA:40,23
DA:41,6
DA:42,6
DA:47,18
DA:48,6
DA:49,6
DA:50,6
DA:51,6
DA:52,6
DA:57,13
DA:58,3
DA:59,3
DA:64,11
DA:65,5
DA:66,5
DA:71,1
LF:31
LH:31
BRDA:10,0,0,7
BRDA:17,1,0,4
BRDA:17,1,1,12
BRDA:17,2,0,2
BRDA:17,2,1,2
BRDA:18,3,0,1
BRDA:18,3,1,15
BRDA:19,4,0,1
BRDA:19,4,1,15
BRDA:25,5,0,1
BRDA:25,5,1,2
BRDA:26,6,0,1
BRDA:26,6,1,2
BRDA:40,7,0,6
BRDA:40,7,1,17
BRDA:41,8,0,5
BRDA:41,8,1,1
BRDA:47,9,0,6
BRDA:47,9,1,12
BRDA:49,10,0,5
BRDA:49,10,1,1
BRDA:50,11,0,4
BRDA:50,11,1,2
BRDA:51,12,0,1
BRDA:51,12,1,5
BRDA:57,13,0,3
BRDA:57,13,1,10
BRDA:64,14,0,5
BRDA:64,14,1,6
BRDA:65,15,0,4
BRDA:65,15,1,1
BRF:31
BRH:31
end_of_record
